<?xml version="1.0" encoding="UTF-8"?>
<!-- Generated by org.testng.reporters.JUnitReportReporter -->
<testsuite skipped="0" hostname="system3-PC" name="vijay.AppiumTest" tests="2" failures="0" timestamp="14 Sep 2018 05:28:28 GMT" time="0.030" errors="0">
  <testcase name="AppiumTest" time="0.022" classname="vijay.AppiumTest"/>
  <testcase name="AppiumTestRest" time="0.008" classname="vijay.AppiumTest"/>
</testsuite> <!-- vijay.AppiumTest -->
