<?xml version="1.0" encoding="UTF-8"?>
<!-- Generated by org.testng.reporters.JUnitReportReporter -->
<testsuite skipped="0" hostname="system3-PC" name="vijay.MobileTest" tests="2" failures="0" timestamp="14 Sep 2018 05:28:28 GMT" time="0.080" errors="0">
  <testcase name="MobileTest" time="0.074" classname="vijay.MobileTest"/>
  <testcase name="MobileTestRest" time="0.006" classname="vijay.MobileTest"/>
</testsuite> <!-- vijay.MobileTest -->
